{
  "stats": {
    "suites": 1,
    "tests": 1,
    "passes": 1,
    "pending": 0,
    "failures": 0,
    "start": "2025-11-23T09:33:13.932Z",
    "end": "2025-11-23T09:33:33.984Z",
    "duration": 20052,
    "testsRegistered": 1,
    "passPercent": 100,
    "pendingPercent": 0,
    "other": 0,
    "hasOther": false,
    "skipped": 0,
    "hasSkipped": false
  },
  "results": [
    {
      "uuid": "7ac88a21-e02b-4bb8-a53b-848a50d1451f",
      "title": "",
      "fullFile": "cypress/e2e/e2e-beyondly.cy.js",
      "file": "cypress/e2e/e2e-beyondly.cy.js",
      "beforeHooks": [],
      "afterHooks": [],
      "tests": [],
      "suites": [
        {
          "uuid": "2c2b23af-4a54-4c6e-8957-36a66599c529",
          "title": "Automation E2E Beyondly Ecommerce",
          "fullFile": "",
          "file": "",
          "beforeHooks": [],
          "afterHooks": [],
          "tests": [
            {
              "title": "E2E process from login to checkout (excluding payment)",
              "fullTitle": "Automation E2E Beyondly Ecommerce E2E process from login to checkout (excluding payment)",
              "timedOut": null,
              "duration": 19239,
              "state": "passed",
              "speed": "slow",
              "pass": true,
              "fail": false,
              "pending": false,
              "context": null,
              "code": "// --- LOGIN ---\ncy.visit(base_url);\ncy.contains('header p', 'Ketahui aroma yang cocok untuk kepribadianmu').parent().find('svg').click({\n  force: true\n});\ncy.get('[href=\"\\/login\"]').click();\ncy.url().should('eq', `${base_url}/login`);\ncy.get('#page-login__tabs-number__input-number').clear().type(dataUser.nohp);\ncy.get('#page-login__tabs-email__input-password').clear().type(dataUser.password);\ncy.get('#page-login__button-login').click();\ncy.url().should('eq', `${base_url}/home`);\n// --- CART ---\ncy.get('.chakra-tabs__tab-panels.css-8atqhb').scrollIntoView().should('be.visible').as('card-produk-baru');\n// cy.wait(3000)\ncy.get('@card-produk-baru').find('.slick-list div[data-index=\"0\"]').first().click();\ncy.url().should('include', '/product-details');\ncy.wait(1000);\ncy.get('h1.productDetail_productDetail-title__PSSNs').invoke('text').as('nmBarang');\ncy.get('.chakra-editable__preview').invoke('text').then(text => Number(text)).as('totalBrg');\ncy.get('.productDetail_productDetail-stock__HPRXJ').find('span[style*=\"font-weight: 500\"]').invoke('text').then(text => Number(text.replace(/[^\\d]/g, ''))).as('nominalBayar');\ncy.get('#productDetail-button-cart').click({\n  force: true\n});\ncy.wait(3000);\ncy.get('.HeaderQbee_total-cart-num__JcmEp').invoke('text').then(text => {\n  expect(Number(text)).to.greaterThan(0);\n});\ncy.get('.HeaderQbee_total-cart__Acy0A').find('svg').click({\n  force: true\n});\ncy.get('p[style=\"cursor: pointer; z-index: 999;\"]').invoke('text').then(text => {\n  cy.get('@nmBarang').then(nmBarang => {\n    expect(text).to.eq(nmBarang);\n  });\n});\ncy.contains(\"Rp\").invoke('text').then(text => {\n  cy.get('@nominalBayar').then(nominal => {\n    expect(Number(text.replace(/[^\\d]/g, ''))).to.eq(nominal);\n  });\n});\ncy.get('button').contains('Hapus semua').click();\ncy.get('.chakra-text.styles_popup-delete__title__cMWtl.css-0').contains('Hapus semua pesanan dari Keranjang').should('be.visible');\ncy.get('.chakra-button.styles_popup-delete__button__i5ksa.css-2ghkq0').click();\ncy.get('.style_title-wrapper__9CYu2').find('svg').first().click();\ncy.get('#productDetail-button-buy').click({\n  force: true\n});\n// --- CHECKOUT - CEK PESANAN ---\ncy.url().should('include', '/checkout/shipping');\ncy.get('.styles_pickDelivery-desc-h1__r3Qjk').click();\ncy.get('#chakra-modal--header-22').contains('Layanan Pengiriman').should('be.visible');\ncy.get('div:nth-child(2) > label.styles_regular-delivery-content__NySsb').first().click();\ncy.get('div.pickCourier_courier-container__s4da6.css-0').first().click();\ncy.get('.chakra-text.styles_pickDelivery-desc-h1__r3Qjk.css-0').eq(0).invoke('text').as('kurir');\ncy.get('.chakra-text.styles_pickDelivery-desc-h1__r3Qjk.css-0').eq(1).invoke('text').then(text => Number(text.replace(/[^\\d]/g, ''))).as('ongkir');\ncy.wait(1000);\ncy.get('.styles_checkout-summary-total__9WH9V').invoke('text').then(text => {\n  const totalSummary = Number(text.replace(/[^\\d]/g, ''));\n  cy.get('@nominalBayar').then(nominal => {\n    cy.get('@ongkir').then(ongkir => {\n      const totalAll = nominal + ongkir;\n      expect(totalAll).to.eq(totalSummary);\n    });\n  });\n});\ncy.get('button').contains('Pilih Pembayaran').click();\n// --- CHECKOUT - PILIH PEMBAYARAN ---\ncy.url().should('include', '/checkout/payment');\ncy.url().then(url => url.split('/').pop()).as('invoiceNo');\ncy.get('.style_title__1KaOz').contains('Transfer bank').should('be.visible');\ncy.get('#accordion-button-4').first().click();\ncy.get('.style_data-wrapper__wXfEb').eq(2).contains('Mandiri Virtual Account').should('be.visible').first().click();\ncy.get('.style_payment-summary-total__kXrym').invoke('text').then(text => {\n  const totalSummary = Number(text.replace(/[^\\d]/g, ''));\n  cy.get('@nominalBayar').then(nominal => {\n    cy.get('@ongkir').then(ongkir => {\n      const totalAll = nominal + ongkir;\n      expect(totalAll).to.eq(totalSummary);\n    });\n  });\n});\ncy.get('button').contains('Bayar pesanan').should('be.visible').and('not.be.disabled').click();\ncy.get('@invoiceNo').then(inv => {\n  cy.url().should('include', `/checkout/payment-detail/${inv}`);\n});\ncy.get('.chakra-input.css-35gjr8');",
              "err": {},
              "uuid": "50dcd8d1-b563-4f21-abec-a34c380d4ee1",
              "parentUUID": "2c2b23af-4a54-4c6e-8957-36a66599c529",
              "isHook": false,
              "skipped": false
            }
          ],
          "suites": [],
          "passes": [
            "50dcd8d1-b563-4f21-abec-a34c380d4ee1"
          ],
          "failures": [],
          "pending": [],
          "skipped": [],
          "duration": 19239,
          "root": false,
          "rootEmpty": false,
          "_timeout": 2000
        }
      ],
      "passes": [],
      "failures": [],
      "pending": [],
      "skipped": [],
      "duration": 0,
      "root": true,
      "rootEmpty": true,
      "_timeout": 2000
    }
  ],
  "meta": {
    "mocha": {
      "version": "7.2.0"
    },
    "mochawesome": {
      "options": {
        "quiet": false,
        "reportFilename": "mochawesome",
        "saveHtml": true,
        "saveJson": true,
        "consoleReporter": "spec",
        "useInlineDiffs": false,
        "code": true
      },
      "version": "7.1.4"
    },
    "marge": {
      "options": {
        "reportDir": "cypress/reports/mochawesome-report",
        "overwrite": true,
        "html": true,
        "json": true,
        "timestamp": "mmddyyyy_HHMMss"
      },
      "version": "6.3.2"
    }
  }
}